-------------------------------------------------------------------------------
Test set: TestSuite
-------------------------------------------------------------------------------
Tests run: 1, Failures: 1, Errors: 0, Skipped: 0, Time elapsed: 98.282 sec <<< FAILURE! - in TestSuite
AddDresses(com.automationPractice.TestCases.DressesMenuTest)  Time elapsed: 76.843 sec  <<< FAILURE!
java.lang.IndexOutOfBoundsException: Index: 2
	at com.automationPractice.TestCases.DressesMenuTest.AddDresses(DressesMenuTest.java:83)

