<?xml version="1.0" encoding="UTF-8"?>
<testng-results total="1" passed="0" failed="1" skipped="0">
  <reporter-output>
  </reporter-output>
  <suite started-at="2021-07-22T12:28:13Z" name="Automation practice " finished-at="2021-07-22T12:29:49Z" duration-ms="96144">
    <groups>
      <group name="Sanity">
        <method signature="DressesMenuTest.AddDresses(java.lang.String, java.lang.String, java.lang.String, java.lang.String, java.lang.String, java.lang.String, java.lang.String, java.lang.String, java.lang.String, java.lang.String, java.lang.String, java.lang.String, java.lang.String)[pri:0, instance:com.automationPractice.TestCases.DressesMenuTest@7205765b]" name="AddDresses" class="com.automationPractice.TestCases.DressesMenuTest"/>
      </group> <!-- Sanity -->
      <group name="Regression">
        <method signature="DressesMenuTest.AddDresses(java.lang.String, java.lang.String, java.lang.String, java.lang.String, java.lang.String, java.lang.String, java.lang.String, java.lang.String, java.lang.String, java.lang.String, java.lang.String, java.lang.String, java.lang.String)[pri:0, instance:com.automationPractice.TestCases.DressesMenuTest@7205765b]" name="AddDresses" class="com.automationPractice.TestCases.DressesMenuTest"/>
      </group> <!-- Regression -->
      <group name="E2E">
        <method signature="DressesMenuTest.AddDresses(java.lang.String, java.lang.String, java.lang.String, java.lang.String, java.lang.String, java.lang.String, java.lang.String, java.lang.String, java.lang.String, java.lang.String, java.lang.String, java.lang.String, java.lang.String)[pri:0, instance:com.automationPractice.TestCases.DressesMenuTest@7205765b]" name="AddDresses" class="com.automationPractice.TestCases.DressesMenuTest"/>
      </group> <!-- E2E -->
    </groups>
    <test started-at="2021-07-22T12:28:13Z" name="End to End Test" finished-at="2021-07-22T12:29:49Z" duration-ms="96144">
      <class name="com.automationPractice.TestCases.DressesMenuTest">
        <test-method is-config="true" signature="PreReq(java.lang.String)[pri:0, instance:com.automationPractice.TestCases.DressesMenuTest@7205765b]" started-at="2021-07-22T14:28:13Z" name="PreReq" finished-at="2021-07-22T14:28:32Z" duration-ms="18523" status="PASS">
          <params>
            <param index="0">
              <value>
                <![CDATA[chrome]]>
              </value>
            </param>
          </params>
          <reporter-output>
          </reporter-output>
        </test-method> <!-- PreReq -->
        <test-method signature="AddDresses(java.lang.String, java.lang.String, java.lang.String, java.lang.String, java.lang.String, java.lang.String, java.lang.String, java.lang.String, java.lang.String, java.lang.String, java.lang.String, java.lang.String, java.lang.String)[pri:0, instance:com.automationPractice.TestCases.DressesMenuTest@7205765b]" started-at="2021-07-22T14:28:32Z" name="AddDresses" data-provider="testData" finished-at="2021-07-22T14:29:49Z" duration-ms="76835" status="FAIL">
          <params>
            <param index="0">
              <value>
                <![CDATA[kholood.gamalfcis9@gmail.com]]>
              </value>
            </param>
            <param index="1">
              <value>
                <![CDATA[kholood]]>
              </value>
            </param>
            <param index="2">
              <value>
                <![CDATA[Gamal]]>
              </value>
            </param>
            <param index="3">
              <value>
                <![CDATA[ZXCzxc]]>
              </value>
            </param>
            <param index="4">
              <value>
                <![CDATA[kholoodz]]>
              </value>
            </param>
            <param index="5">
              <value>
                <![CDATA[Gamalz]]>
              </value>
            </param>
            <param index="6">
              <value>
                <![CDATA[47 Ahmed Hassan st.]]>
              </value>
            </param>
            <param index="7">
              <value>
                <![CDATA[Los Angeles]]>
              </value>
            </param>
            <param index="8">
              <value>
                <![CDATA[California]]>
              </value>
            </param>
            <param index="9">
              <value>
                <![CDATA[90201]]>
              </value>
            </param>
            <param index="10">
              <value>
                <![CDATA[United States]]>
              </value>
            </param>
            <param index="11">
              <value>
                <![CDATA[213-509-6995]]>
              </value>
            </param>
            <param index="12">
              <value>
                <![CDATA[LA]]>
              </value>
            </param>
          </params>
          <exception class="java.lang.IndexOutOfBoundsException">
            <message>
              <![CDATA[Index: 2]]>
            </message>
            <full-stacktrace>
              <![CDATA[java.lang.IndexOutOfBoundsException: Index: 2
	at java.base/java.util.Collections$EmptyList.get(Collections.java:4553)
	at java.base/jdk.internal.reflect.NativeMethodAccessorImpl.invoke0(Native Method)
	at java.base/jdk.internal.reflect.NativeMethodAccessorImpl.invoke(NativeMethodAccessorImpl.java:62)
	at java.base/jdk.internal.reflect.DelegatingMethodAccessorImpl.invoke(DelegatingMethodAccessorImpl.java:43)
	at java.base/java.lang.reflect.Method.invoke(Method.java:564)
	at org.openqa.selenium.support.pagefactory.internal.LocatingElementListHandler.invoke(LocatingElementListHandler.java:39)
	at com.sun.proxy.$Proxy13.get(Unknown Source)
	at com.automationPractice.pages.DressesMenu.addToCart(DressesMenu.java:159)
	at com.automationPractice.TestCases.DressesMenuTest.AddDresses(DressesMenuTest.java:83)
	at java.base/jdk.internal.reflect.NativeMethodAccessorImpl.invoke0(Native Method)
	at java.base/jdk.internal.reflect.NativeMethodAccessorImpl.invoke(NativeMethodAccessorImpl.java:62)
	at java.base/jdk.internal.reflect.DelegatingMethodAccessorImpl.invoke(DelegatingMethodAccessorImpl.java:43)
	at java.base/java.lang.reflect.Method.invoke(Method.java:564)
	at org.testng.internal.MethodInvocationHelper.invokeMethod(MethodInvocationHelper.java:84)
	at org.testng.internal.Invoker.invokeMethod(Invoker.java:714)
	at org.testng.internal.Invoker.invokeTestMethod(Invoker.java:901)
	at org.testng.internal.Invoker.invokeTestMethods(Invoker.java:1231)
	at org.testng.internal.TestMethodWorker.invokeTestMethods(TestMethodWorker.java:127)
	at org.testng.internal.TestMethodWorker.run(TestMethodWorker.java:111)
	at org.testng.TestRunner.privateRun(TestRunner.java:767)
	at org.testng.TestRunner.run(TestRunner.java:617)
	at org.testng.SuiteRunner.runTest(SuiteRunner.java:348)
	at org.testng.SuiteRunner.runSequentially(SuiteRunner.java:343)
	at org.testng.SuiteRunner.privateRun(SuiteRunner.java:305)
	at org.testng.SuiteRunner.run(SuiteRunner.java:254)
	at org.testng.SuiteRunnerWorker.runSuite(SuiteRunnerWorker.java:52)
	at org.testng.SuiteRunnerWorker.run(SuiteRunnerWorker.java:86)
	at org.testng.TestNG.runSuitesSequentially(TestNG.java:1224)
	at org.testng.TestNG.runSuitesLocally(TestNG.java:1149)
	at org.testng.TestNG.run(TestNG.java:1057)
	at org.apache.maven.surefire.testng.TestNGExecutor.run(TestNGExecutor.java:281)
	at org.apache.maven.surefire.testng.TestNGXmlTestSuite.execute(TestNGXmlTestSuite.java:75)
	at org.apache.maven.surefire.testng.TestNGProvider.invoke(TestNGProvider.java:121)
	at org.apache.maven.surefire.booter.ForkedBooter.invokeProviderInSameClassLoader(ForkedBooter.java:290)
	at org.apache.maven.surefire.booter.ForkedBooter.runSuitesInProcess(ForkedBooter.java:242)
	at org.apache.maven.surefire.booter.ForkedBooter.main(ForkedBooter.java:121)
]]>
            </full-stacktrace>
          </exception> <!-- java.lang.IndexOutOfBoundsException -->
          <reporter-output>
          </reporter-output>
        </test-method> <!-- AddDresses -->
        <test-method is-config="true" signature="PostReq()[pri:0, instance:com.automationPractice.TestCases.DressesMenuTest@7205765b]" started-at="2021-07-22T14:29:49Z" name="PostReq" finished-at="2021-07-22T14:29:49Z" duration-ms="1" status="PASS">
          <reporter-output>
          </reporter-output>
        </test-method> <!-- PostReq -->
      </class> <!-- com.automationPractice.TestCases.DressesMenuTest -->
    </test> <!-- End to End Test -->
  </suite> <!-- Automation practice  -->
</testng-results>
