<?xml version="1.0" encoding="UTF-8"?>
<testng-results total="1" passed="1" failed="0" skipped="0">
  <reporter-output>
  </reporter-output>
  <suite started-at="2021-07-22T12:54:11Z" name="Automation practice " finished-at="2021-07-22T12:54:46Z" duration-ms="34988">
    <groups>
      <group name="Sanity">
        <method signature="DressesMenuTest.AddDresses(java.lang.String, java.lang.String, java.lang.String, java.lang.String, java.lang.String, java.lang.String, java.lang.String, java.lang.String, java.lang.String, java.lang.String, java.lang.String, java.lang.String, java.lang.String)[pri:0, instance:com.automationPractice.TestCases.DressesMenuTest@3e27ba32]" name="AddDresses" class="com.automationPractice.TestCases.DressesMenuTest"/>
      </group> <!-- Sanity -->
      <group name="Regression">
        <method signature="DressesMenuTest.AddDresses(java.lang.String, java.lang.String, java.lang.String, java.lang.String, java.lang.String, java.lang.String, java.lang.String, java.lang.String, java.lang.String, java.lang.String, java.lang.String, java.lang.String, java.lang.String)[pri:0, instance:com.automationPractice.TestCases.DressesMenuTest@3e27ba32]" name="AddDresses" class="com.automationPractice.TestCases.DressesMenuTest"/>
      </group> <!-- Regression -->
      <group name="E2E">
        <method signature="DressesMenuTest.AddDresses(java.lang.String, java.lang.String, java.lang.String, java.lang.String, java.lang.String, java.lang.String, java.lang.String, java.lang.String, java.lang.String, java.lang.String, java.lang.String, java.lang.String, java.lang.String)[pri:0, instance:com.automationPractice.TestCases.DressesMenuTest@3e27ba32]" name="AddDresses" class="com.automationPractice.TestCases.DressesMenuTest"/>
      </group> <!-- E2E -->
    </groups>
    <test started-at="2021-07-22T12:54:11Z" name="End to End Test" finished-at="2021-07-22T12:54:46Z" duration-ms="34988">
      <class name="com.automationPractice.TestCases.DressesMenuTest">
        <test-method is-config="true" signature="PreReq(java.lang.String)[pri:0, instance:com.automationPractice.TestCases.DressesMenuTest@3e27ba32]" started-at="2021-07-22T14:54:12Z" name="PreReq" finished-at="2021-07-22T14:54:20Z" duration-ms="8040" status="PASS">
          <params>
            <param index="0">
              <value>
                <![CDATA[chrome]]>
              </value>
            </param>
          </params>
          <reporter-output>
          </reporter-output>
        </test-method> <!-- PreReq -->
        <test-method signature="AddDresses(java.lang.String, java.lang.String, java.lang.String, java.lang.String, java.lang.String, java.lang.String, java.lang.String, java.lang.String, java.lang.String, java.lang.String, java.lang.String, java.lang.String, java.lang.String)[pri:0, instance:com.automationPractice.TestCases.DressesMenuTest@3e27ba32]" started-at="2021-07-22T14:54:20Z" name="AddDresses" data-provider="testData" finished-at="2021-07-22T14:54:46Z" duration-ms="26199" status="PASS">
          <params>
            <param index="0">
              <value>
                <![CDATA[kholood.gamalfcis14@gmail.com]]>
              </value>
            </param>
            <param index="1">
              <value>
                <![CDATA[kholood]]>
              </value>
            </param>
            <param index="2">
              <value>
                <![CDATA[Gamal]]>
              </value>
            </param>
            <param index="3">
              <value>
                <![CDATA[ZXCzxc]]>
              </value>
            </param>
            <param index="4">
              <value>
                <![CDATA[kholoodz]]>
              </value>
            </param>
            <param index="5">
              <value>
                <![CDATA[Gamalz]]>
              </value>
            </param>
            <param index="6">
              <value>
                <![CDATA[47 Ahmed Hassan st.]]>
              </value>
            </param>
            <param index="7">
              <value>
                <![CDATA[Los Angeles]]>
              </value>
            </param>
            <param index="8">
              <value>
                <![CDATA[California]]>
              </value>
            </param>
            <param index="9">
              <value>
                <![CDATA[90201]]>
              </value>
            </param>
            <param index="10">
              <value>
                <![CDATA[United States]]>
              </value>
            </param>
            <param index="11">
              <value>
                <![CDATA[213-509-6995]]>
              </value>
            </param>
            <param index="12">
              <value>
                <![CDATA[LA]]>
              </value>
            </param>
          </params>
          <reporter-output>
          </reporter-output>
        </test-method> <!-- AddDresses -->
        <test-method is-config="true" signature="PostReq()[pri:0, instance:com.automationPractice.TestCases.DressesMenuTest@3e27ba32]" started-at="2021-07-22T14:54:46Z" name="PostReq" finished-at="2021-07-22T14:54:46Z" duration-ms="0" status="PASS">
          <reporter-output>
          </reporter-output>
        </test-method> <!-- PostReq -->
      </class> <!-- com.automationPractice.TestCases.DressesMenuTest -->
    </test> <!-- End to End Test -->
  </suite> <!-- Automation practice  -->
</testng-results>
